{"C:\\Users\\Harsha R Naik\\OneDrive\\Desktop\\cvscode\\CodeCoach-AI\\server\\app.ts": {"path":"C:\\Users\\Harsha R Naik\\OneDrive\\Desktop\\cvscode\\CodeCoach-AI\\server\\app.ts","statementMap":{"0":{"start":{"line":14,"column":36},"end":{"line":14,"column":null}},"1":{"start":{"line":15,"column":6},"end":{"line":15,"column":null}},"2":{"start":{"line":15,"column":20},"end":{"line":15,"column":null}},"3":{"start":{"line":15,"column":95},"end":{"line":15,"column":158}},"4":{"start":{"line":18,"column":14},"end":{"line":18,"column":22}},"5":{"start":{"line":19,"column":2},"end":{"line":19,"column":null}},"6":{"start":{"line":20,"column":2},"end":{"line":20,"column":null}},"7":{"start":{"line":22,"column":2},"end":{"line":22,"column":null}},"8":{"start":{"line":22,"column":49},"end":{"line":22,"column":80}},"9":{"start":{"line":24,"column":2},"end":{"line":30,"column":null}},"10":{"start":{"line":25,"column":19},"end":{"line":25,"column":null}},"11":{"start":{"line":26,"column":4},"end":{"line":26,"column":null}},"12":{"start":{"line":26,"column":27},"end":{"line":26,"column":90}},"13":{"start":{"line":26,"column":90},"end":{"line":26,"column":98}},"14":{"start":{"line":27,"column":22},"end":{"line":27,"column":null}},"15":{"start":{"line":28,"column":4},"end":{"line":28,"column":null}},"16":{"start":{"line":28,"column":22},"end":{"line":28,"column":82}},"17":{"start":{"line":28,"column":82},"end":{"line":28,"column":90}},"18":{"start":{"line":29,"column":4},"end":{"line":29,"column":null}},"19":{"start":{"line":32,"column":2},"end":{"line":38,"column":null}},"20":{"start":{"line":33,"column":19},"end":{"line":33,"column":null}},"21":{"start":{"line":34,"column":4},"end":{"line":34,"column":null}},"22":{"start":{"line":34,"column":27},"end":{"line":34,"column":97}},"23":{"start":{"line":34,"column":97},"end":{"line":34,"column":105}},"24":{"start":{"line":35,"column":22},"end":{"line":35,"column":null}},"25":{"start":{"line":36,"column":4},"end":{"line":36,"column":null}},"26":{"start":{"line":36,"column":22},"end":{"line":36,"column":82}},"27":{"start":{"line":36,"column":82},"end":{"line":36,"column":90}},"28":{"start":{"line":37,"column":4},"end":{"line":37,"column":null}},"29":{"start":{"line":40,"column":2},"end":{"line":46,"column":null}},"30":{"start":{"line":41,"column":19},"end":{"line":41,"column":null}},"31":{"start":{"line":42,"column":4},"end":{"line":42,"column":null}},"32":{"start":{"line":42,"column":27},"end":{"line":42,"column":89}},"33":{"start":{"line":42,"column":89},"end":{"line":42,"column":97}},"34":{"start":{"line":43,"column":22},"end":{"line":43,"column":null}},"35":{"start":{"line":44,"column":4},"end":{"line":44,"column":null}},"36":{"start":{"line":44,"column":22},"end":{"line":44,"column":82}},"37":{"start":{"line":44,"column":82},"end":{"line":44,"column":90}},"38":{"start":{"line":45,"column":4},"end":{"line":45,"column":null}},"39":{"start":{"line":48,"column":8},"end":{"line":55,"column":null}},"40":{"start":{"line":49,"column":4},"end":{"line":49,"column":null}},"41":{"start":{"line":50,"column":4},"end":{"line":50,"column":null}},"42":{"start":{"line":50,"column":40},"end":{"line":50,"column":114}},"43":{"start":{"line":50,"column":114},"end":{"line":50,"column":122}},"44":{"start":{"line":51,"column":4},"end":{"line":51,"column":null}},"45":{"start":{"line":51,"column":75},"end":{"line":51,"column":166}},"46":{"start":{"line":51,"column":166},"end":{"line":51,"column":174}},"47":{"start":{"line":52,"column":4},"end":{"line":52,"column":null}},"48":{"start":{"line":52,"column":65},"end":{"line":52,"column":153}},"49":{"start":{"line":52,"column":153},"end":{"line":52,"column":161}},"50":{"start":{"line":53,"column":4},"end":{"line":53,"column":null}},"51":{"start":{"line":53,"column":78},"end":{"line":53,"column":150}},"52":{"start":{"line":53,"column":150},"end":{"line":53,"column":158}},"53":{"start":{"line":54,"column":4},"end":{"line":54,"column":null}},"54":{"start":{"line":56,"column":2},"end":{"line":56,"column":null}},"55":{"start":{"line":57,"column":2},"end":{"line":57,"column":null}}},"fnMap":{"0":{"name":"(anonymous_0)","decl":{"start":{"line":15,"column":6},"end":{"line":15,"column":20}},"loc":{"start":{"line":15,"column":20},"end":{"line":15,"column":null}},"line":15},"1":{"name":"(anonymous_1)","decl":{"start":{"line":15,"column":20},"end":{"line":15,"column":65}},"loc":{"start":{"line":15,"column":93},"end":{"line":15,"column":null}},"line":15},"2":{"name":"createApp","decl":{"start":{"line":17,"column":16},"end":{"line":17,"column":26}},"loc":{"start":{"line":17,"column":67},"end":{"line":58,"column":null}},"line":17},"3":{"name":"(anonymous_3)","decl":{"start":{"line":22,"column":10},"end":{"line":22,"column":26}},"loc":{"start":{"line":22,"column":49},"end":{"line":22,"column":80}},"line":22},"4":{"name":"(anonymous_4)","decl":{"start":{"line":24,"column":35},"end":{"line":24,"column":42}},"loc":{"start":{"line":24,"column":64},"end":{"line":30,"column":3}},"line":24},"5":{"name":"(anonymous_5)","decl":{"start":{"line":32,"column":38},"end":{"line":32,"column":45}},"loc":{"start":{"line":32,"column":67},"end":{"line":38,"column":3}},"line":32},"6":{"name":"(anonymous_6)","decl":{"start":{"line":40,"column":11},"end":{"line":40,"column":24}},"loc":{"start":{"line":40,"column":46},"end":{"line":46,"column":3}},"line":40},"7":{"name":"(anonymous_7)","decl":{"start":{"line":48,"column":8},"end":{"line":48,"column":45}},"loc":{"start":{"line":48,"column":81},"end":{"line":55,"column":null}},"line":48}},"branchMap":{"0":{"loc":{"start":{"line":17,"column":26},"end":{"line":17,"column":67}},"type":"default-arg","locations":[{"start":{"line":17,"column":49},"end":{"line":17,"column":67}}],"line":17},"1":{"loc":{"start":{"line":26,"column":4},"end":{"line":26,"column":null}},"type":"if","locations":[{"start":{"line":26,"column":4},"end":{"line":26,"column":null}},{"start":{},"end":{}}],"line":26},"2":{"loc":{"start":{"line":28,"column":4},"end":{"line":28,"column":null}},"type":"if","locations":[{"start":{"line":28,"column":4},"end":{"line":28,"column":null}},{"start":{},"end":{}}],"line":28},"3":{"loc":{"start":{"line":34,"column":4},"end":{"line":34,"column":null}},"type":"if","locations":[{"start":{"line":34,"column":4},"end":{"line":34,"column":null}},{"start":{},"end":{}}],"line":34},"4":{"loc":{"start":{"line":36,"column":4},"end":{"line":36,"column":null}},"type":"if","locations":[{"start":{"line":36,"column":4},"end":{"line":36,"column":null}},{"start":{},"end":{}}],"line":36},"5":{"loc":{"start":{"line":42,"column":4},"end":{"line":42,"column":null}},"type":"if","locations":[{"start":{"line":42,"column":4},"end":{"line":42,"column":null}},{"start":{},"end":{}}],"line":42},"6":{"loc":{"start":{"line":44,"column":4},"end":{"line":44,"column":null}},"type":"if","locations":[{"start":{"line":44,"column":4},"end":{"line":44,"column":null}},{"start":{},"end":{}}],"line":44},"7":{"loc":{"start":{"line":50,"column":4},"end":{"line":50,"column":null}},"type":"if","locations":[{"start":{"line":50,"column":4},"end":{"line":50,"column":null}},{"start":{},"end":{}}],"line":50},"8":{"loc":{"start":{"line":51,"column":4},"end":{"line":51,"column":null}},"type":"if","locations":[{"start":{"line":51,"column":4},"end":{"line":51,"column":null}},{"start":{},"end":{}}],"line":51},"9":{"loc":{"start":{"line":51,"column":8},"end":{"line":51,"column":73}},"type":"binary-expr","locations":[{"start":{"line":51,"column":8},"end":{"line":51,"column":44}},{"start":{"line":51,"column":44},"end":{"line":51,"column":73}}],"line":51},"10":{"loc":{"start":{"line":52,"column":4},"end":{"line":52,"column":null}},"type":"if","locations":[{"start":{"line":52,"column":4},"end":{"line":52,"column":null}},{"start":{},"end":{}}],"line":52},"11":{"loc":{"start":{"line":52,"column":8},"end":{"line":52,"column":63}},"type":"binary-expr","locations":[{"start":{"line":52,"column":8},"end":{"line":52,"column":34}},{"start":{"line":52,"column":34},"end":{"line":52,"column":63}}],"line":52},"12":{"loc":{"start":{"line":53,"column":4},"end":{"line":53,"column":null}},"type":"if","locations":[{"start":{"line":53,"column":4},"end":{"line":53,"column":null}},{"start":{},"end":{}}],"line":53},"13":{"loc":{"start":{"line":53,"column":8},"end":{"line":53,"column":76}},"type":"binary-expr","locations":[{"start":{"line":53,"column":8},"end":{"line":53,"column":34}},{"start":{"line":53,"column":34},"end":{"line":53,"column":76}}],"line":53}},"s":{"0":1,"1":1,"2":24,"3":9,"4":12,"5":12,"6":12,"7":12,"8":1,"9":12,"10":6,"11":6,"12":1,"13":1,"14":5,"15":5,"16":0,"17":0,"18":5,"19":12,"20":3,"21":3,"22":1,"23":1,"24":2,"25":2,"26":1,"27":1,"28":1,"29":12,"30":2,"31":2,"32":1,"33":1,"34":1,"35":1,"36":0,"37":0,"38":1,"39":12,"40":2,"41":2,"42":0,"43":0,"44":2,"45":1,"46":1,"47":1,"48":0,"49":0,"50":1,"51":0,"52":0,"53":1,"54":12,"55":12},"f":{"0":24,"1":9,"2":12,"3":1,"4":6,"5":3,"6":2,"7":2},"b":{"0":[12],"1":[1,5],"2":[0,5],"3":[1,2],"4":[1,1],"5":[1,1],"6":[0,1],"7":[0,2],"8":[1,1],"9":[2,1],"10":[0,1],"11":[1,1],"12":[0,1],"13":[1,1]},"meta":{"lastBranch":14,"lastFunction":8,"lastStatement":56,"seen":{"s:14:36:14:Infinity":0,"s:15:6:15:Infinity":1,"f:15:6:15:20":0,"s:15:20:15:Infinity":2,"f:15:20:15:65":1,"s:15:95:15:158":3,"f:17:16:17:26":2,"b:17:49:17:67":0,"s:18:14:18:22":4,"s:19:2:19:Infinity":5,"s:20:2:20:Infinity":6,"s:22:2:22:Infinity":7,"f:22:10:22:26":3,"s:22:49:22:80":8,"s:24:2:30:Infinity":9,"f:24:35:24:42":4,"s:25:19:25:Infinity":10,"b:26:4:26:Infinity:undefined:undefined:undefined:undefined":1,"s:26:4:26:Infinity":11,"s:26:27:26:90":12,"s:26:90:26:98":13,"s:27:22:27:Infinity":14,"b:28:4:28:Infinity:undefined:undefined:undefined:undefined":2,"s:28:4:28:Infinity":15,"s:28:22:28:82":16,"s:28:82:28:90":17,"s:29:4:29:Infinity":18,"s:32:2:38:Infinity":19,"f:32:38:32:45":5,"s:33:19:33:Infinity":20,"b:34:4:34:Infinity:undefined:undefined:undefined:undefined":3,"s:34:4:34:Infinity":21,"s:34:27:34:97":22,"s:34:97:34:105":23,"s:35:22:35:Infinity":24,"b:36:4:36:Infinity:undefined:undefined:undefined:undefined":4,"s:36:4:36:Infinity":25,"s:36:22:36:82":26,"s:36:82:36:90":27,"s:37:4:37:Infinity":28,"s:40:2:46:Infinity":29,"f:40:11:40:24":6,"s:41:19:41:Infinity":30,"b:42:4:42:Infinity:undefined:undefined:undefined:undefined":5,"s:42:4:42:Infinity":31,"s:42:27:42:89":32,"s:42:89:42:97":33,"s:43:22:43:Infinity":34,"b:44:4:44:Infinity:undefined:undefined:undefined:undefined":6,"s:44:4:44:Infinity":35,"s:44:22:44:82":36,"s:44:82:44:90":37,"s:45:4:45:Infinity":38,"s:48:8:55:Infinity":39,"f:48:8:48:45":7,"s:49:4:49:Infinity":40,"b:50:4:50:Infinity:undefined:undefined:undefined:undefined":7,"s:50:4:50:Infinity":41,"s:50:40:50:114":42,"s:50:114:50:122":43,"b:51:4:51:Infinity:undefined:undefined:undefined:undefined":8,"s:51:4:51:Infinity":44,"b:51:8:51:44:51:44:51:73":9,"s:51:75:51:166":45,"s:51:166:51:174":46,"b:52:4:52:Infinity:undefined:undefined:undefined:undefined":10,"s:52:4:52:Infinity":47,"b:52:8:52:34:52:34:52:63":11,"s:52:65:52:153":48,"s:52:153:52:161":49,"b:53:4:53:Infinity:undefined:undefined:undefined:undefined":12,"s:53:4:53:Infinity":50,"b:53:8:53:34:53:34:53:76":13,"s:53:78:53:150":51,"s:53:150:53:158":52,"s:54:4:54:Infinity":53,"s:56:2:56:Infinity":54,"s:57:2:57:Infinity":55},"fnNames":{}}}
,"C:\\Users\\Harsha R Naik\\OneDrive\\Desktop\\cvscode\\CodeCoach-AI\\server\\challenges.ts": {"path":"C:\\Users\\Harsha R Naik\\OneDrive\\Desktop\\cvscode\\CodeCoach-AI\\server\\challenges.ts","statementMap":{"0":{"start":{"line":9,"column":49},"end":{"line":18,"column":null}},"1":{"start":{"line":21,"column":2},"end":{"line":21,"column":null}},"2":{"start":{"line":21,"column":40},"end":{"line":21,"column":68}}},"fnMap":{"0":{"name":"findChallenge","decl":{"start":{"line":20,"column":16},"end":{"line":20,"column":30}},"loc":{"start":{"line":20,"column":84},"end":{"line":22,"column":null}},"line":20},"1":{"name":"(anonymous_1)","decl":{"start":{"line":21,"column":20},"end":{"line":21,"column":26}},"loc":{"start":{"line":21,"column":40},"end":{"line":21,"column":68}},"line":21}},"branchMap":{},"s":{"0":1,"1":8,"2":27},"f":{"0":8,"1":27},"b":{},"meta":{"lastBranch":0,"lastFunction":2,"lastStatement":3,"seen":{"s:9:49:18:Infinity":0,"f:20:16:20:30":0,"s:21:2:21:Infinity":1,"f:21:20:21:26":1,"s:21:40:21:68":2},"fnNames":{}}}
,"C:\\Users\\Harsha R Naik\\OneDrive\\Desktop\\cvscode\\CodeCoach-AI\\server\\services\\aiService.ts": {"path":"C:\\Users\\Harsha R Naik\\OneDrive\\Desktop\\cvscode\\CodeCoach-AI\\server\\services\\aiService.ts","statementMap":{"0":{"start":{"line":11,"column":14},"end":{"line":11,"column":null}},"1":{"start":{"line":12,"column":18},"end":{"line":12,"column":null}},"2":{"start":{"line":19,"column":4},"end":{"line":19,"column":null}},"3":{"start":{"line":20,"column":4},"end":{"line":20,"column":null}},"4":{"start":{"line":21,"column":4},"end":{"line":21,"column":null}},"5":{"start":{"line":22,"column":4},"end":{"line":22,"column":null}},"6":{"start":{"line":26,"column":23},"end":{"line":31,"column":null}},"7":{"start":{"line":33,"column":30},"end":{"line":43,"column":null}},"8":{"start":{"line":46,"column":17},"end":{"line":46,"column":null}},"9":{"start":{"line":47,"column":2},"end":{"line":47,"column":null}},"10":{"start":{"line":47,"column":15},"end":{"line":47,"column":null}},"11":{"start":{"line":48,"column":2},"end":{"line":48,"column":null}},"12":{"start":{"line":52,"column":2},"end":{"line":52,"column":null}},"13":{"start":{"line":52,"column":43},"end":{"line":52,"column":null}},"14":{"start":{"line":53,"column":20},"end":{"line":53,"column":null}},"15":{"start":{"line":54,"column":17},"end":{"line":54,"column":null}},"16":{"start":{"line":55,"column":2},"end":{"line":55,"column":null}},"17":{"start":{"line":59,"column":2},"end":{"line":59,"column":null}},"18":{"start":{"line":59,"column":30},"end":{"line":59,"column":null}},"19":{"start":{"line":60,"column":2},"end":{"line":60,"column":null}},"20":{"start":{"line":64,"column":2},"end":{"line":64,"column":null}},"21":{"start":{"line":68,"column":2},"end":{"line":68,"column":null}},"22":{"start":{"line":72,"column":21},"end":{"line":72,"column":null}},"23":{"start":{"line":73,"column":18},"end":{"line":73,"column":null}},"24":{"start":{"line":73,"column":35},"end":{"line":73,"column":55}},"25":{"start":{"line":74,"column":2},"end":{"line":95,"column":null}},"26":{"start":{"line":76,"column":4},"end":{"line":83,"column":null}},"27":{"start":{"line":77,"column":6},"end":{"line":77,"column":null}},"28":{"start":{"line":79,"column":21},"end":{"line":79,"column":null}},"29":{"start":{"line":80,"column":19},"end":{"line":80,"column":null}},"30":{"start":{"line":81,"column":6},"end":{"line":81,"column":null}},"31":{"start":{"line":82,"column":6},"end":{"line":82,"column":null}},"32":{"start":{"line":84,"column":17},"end":{"line":84,"column":null}},"33":{"start":{"line":85,"column":4},"end":{"line":85,"column":null}},"34":{"start":{"line":86,"column":4},"end":{"line":86,"column":null}},"35":{"start":{"line":86,"column":17},"end":{"line":86,"column":92}},"36":{"start":{"line":86,"column":92},"end":{"line":86,"column":172}},"37":{"start":{"line":87,"column":4},"end":{"line":92,"column":null}},"38":{"start":{"line":88,"column":6},"end":{"line":88,"column":null}},"39":{"start":{"line":90,"column":6},"end":{"line":90,"column":null}},"40":{"start":{"line":91,"column":6},"end":{"line":91,"column":null}},"41":{"start":{"line":94,"column":4},"end":{"line":94,"column":null}},"42":{"start":{"line":99,"column":2},"end":{"line":99,"column":null}},"43":{"start":{"line":103,"column":17},"end":{"line":103,"column":null}},"44":{"start":{"line":104,"column":2},"end":{"line":104,"column":null}},"45":{"start":{"line":104,"column":65},"end":{"line":104,"column":96}},"46":{"start":{"line":108,"column":17},"end":{"line":108,"column":null}},"47":{"start":{"line":109,"column":2},"end":{"line":109,"column":null}},"48":{"start":{"line":109,"column":75},"end":{"line":109,"column":113}}},"fnMap":{"0":{"name":"constructor","decl":{"start":{"line":18,"column":2},"end":{"line":18,"column":14}},"loc":{"start":{"line":18,"column":79},"end":{"line":23,"column":null}},"line":18},"1":{"name":"getClient","decl":{"start":{"line":45,"column":9},"end":{"line":45,"column":34}},"loc":{"start":{"line":45,"column":34},"end":{"line":49,"column":null}},"line":45},"2":{"name":"providerStatus","decl":{"start":{"line":51,"column":9},"end":{"line":51,"column":24}},"loc":{"start":{"line":51,"column":60},"end":{"line":56,"column":null}},"line":51},"3":{"name":"safeProviderMessage","decl":{"start":{"line":58,"column":9},"end":{"line":58,"column":29}},"loc":{"start":{"line":58,"column":53},"end":{"line":61,"column":null}},"line":58},"4":{"name":"parseHintResponse","decl":{"start":{"line":63,"column":16},"end":{"line":63,"column":34}},"loc":{"start":{"line":63,"column":62},"end":{"line":65,"column":null}},"line":63},"5":{"name":"parseExplanationResponse","decl":{"start":{"line":67,"column":16},"end":{"line":67,"column":41}},"loc":{"start":{"line":67,"column":76},"end":{"line":69,"column":null}},"line":67},"6":{"name":"generateJson","decl":{"start":{"line":71,"column":15},"end":{"line":71,"column":31}},"loc":{"start":{"line":71,"column":135},"end":{"line":96,"column":null}},"line":71},"7":{"name":"(anonymous_7)","decl":{"start":{"line":73,"column":18},"end":{"line":73,"column":35}},"loc":{"start":{"line":73,"column":35},"end":{"line":73,"column":55}},"line":73},"8":{"name":"challengeContext","decl":{"start":{"line":98,"column":9},"end":{"line":98,"column":26}},"loc":{"start":{"line":98,"column":97},"end":{"line":100,"column":null}},"line":98},"9":{"name":"generateHint","decl":{"start":{"line":102,"column":22},"end":{"line":102,"column":35}},"loc":{"start":{"line":102,"column":150},"end":{"line":105,"column":null}},"line":102},"10":{"name":"(anonymous_10)","decl":{"start":{"line":104,"column":38},"end":{"line":104,"column":55}},"loc":{"start":{"line":104,"column":65},"end":{"line":104,"column":96}},"line":104},"11":{"name":"explainCode","decl":{"start":{"line":107,"column":22},"end":{"line":107,"column":34}},"loc":{"start":{"line":107,"column":141},"end":{"line":110,"column":null}},"line":107},"12":{"name":"(anonymous_12)","decl":{"start":{"line":109,"column":41},"end":{"line":109,"column":65}},"loc":{"start":{"line":109,"column":75},"end":{"line":109,"column":113}},"line":109}},"branchMap":{"0":{"loc":{"start":{"line":11,"column":14},"end":{"line":11,"column":null}},"type":"binary-expr","locations":[{"start":{"line":11,"column":14},"end":{"line":11,"column":42}},{"start":{"line":11,"column":42},"end":{"line":11,"column":null}}],"line":11},"1":{"loc":{"start":{"line":47,"column":2},"end":{"line":47,"column":null}},"type":"if","locations":[{"start":{"line":47,"column":2},"end":{"line":47,"column":null}},{"start":{},"end":{}}],"line":47},"2":{"loc":{"start":{"line":52,"column":2},"end":{"line":52,"column":null}},"type":"if","locations":[{"start":{"line":52,"column":2},"end":{"line":52,"column":null}},{"start":{},"end":{}}],"line":52},"3":{"loc":{"start":{"line":52,"column":6},"end":{"line":52,"column":43}},"type":"binary-expr","locations":[{"start":{"line":52,"column":6},"end":{"line":52,"column":16}},{"start":{"line":52,"column":16},"end":{"line":52,"column":43}}],"line":52},"4":{"loc":{"start":{"line":54,"column":17},"end":{"line":54,"column":null}},"type":"binary-expr","locations":[{"start":{"line":54,"column":17},"end":{"line":54,"column":37}},{"start":{"line":54,"column":37},"end":{"line":54,"column":55}},{"start":{"line":54,"column":55},"end":{"line":54,"column":null}}],"line":54},"5":{"loc":{"start":{"line":55,"column":9},"end":{"line":55,"column":null}},"type":"cond-expr","locations":[{"start":{"line":55,"column":38},"end":{"line":55,"column":47}},{"start":{"line":55,"column":47},"end":{"line":55,"column":null}}],"line":55},"6":{"loc":{"start":{"line":59,"column":2},"end":{"line":59,"column":null}},"type":"if","locations":[{"start":{"line":59,"column":2},"end":{"line":59,"column":null}},{"start":{},"end":{}}],"line":59},"7":{"loc":{"start":{"line":77,"column":162},"end":{"line":77,"column":199}},"type":"cond-expr","locations":[{"start":{"line":77,"column":187},"end":{"line":77,"column":194}},{"start":{"line":77,"column":194},"end":{"line":77,"column":199}}],"line":77},"8":{"loc":{"start":{"line":80,"column":19},"end":{"line":80,"column":null}},"type":"cond-expr","locations":[{"start":{"line":80,"column":36},"end":{"line":80,"column":51}},{"start":{"line":80,"column":51},"end":{"line":80,"column":null}}],"line":80},"9":{"loc":{"start":{"line":80,"column":51},"end":{"line":80,"column":null}},"type":"cond-expr","locations":[{"start":{"line":80,"column":107},"end":{"line":80,"column":119}},{"start":{"line":80,"column":119},"end":{"line":80,"column":null}}],"line":80},"10":{"loc":{"start":{"line":80,"column":51},"end":{"line":80,"column":107}},"type":"binary-expr","locations":[{"start":{"line":80,"column":51},"end":{"line":80,"column":77}},{"start":{"line":80,"column":77},"end":{"line":80,"column":107}}],"line":80},"11":{"loc":{"start":{"line":86,"column":4},"end":{"line":86,"column":null}},"type":"if","locations":[{"start":{"line":86,"column":4},"end":{"line":86,"column":null}},{"start":{},"end":{}}],"line":86}},"s":{"0":1,"1":1,"2":1,"3":1,"4":1,"5":1,"6":1,"7":1,"8":0,"9":0,"10":0,"11":0,"12":0,"13":0,"14":0,"15":0,"16":0,"17":0,"18":0,"19":0,"20":0,"21":1,"22":0,"23":0,"24":0,"25":0,"26":0,"27":0,"28":0,"29":0,"30":0,"31":0,"32":0,"33":0,"34":0,"35":0,"36":0,"37":0,"38":0,"39":0,"40":0,"41":0,"42":0,"43":0,"44":0,"45":0,"46":0,"47":0,"48":0},"f":{"0":1,"1":0,"2":0,"3":0,"4":0,"5":1,"6":0,"7":0,"8":0,"9":0,"10":0,"11":0,"12":0},"b":{"0":[1,0],"1":[0,0],"2":[0,0],"3":[0,0],"4":[0,0,0],"5":[0,0],"6":[0,0],"7":[0,0],"8":[0,0],"9":[0,0],"10":[0,0],"11":[0,0]},"meta":{"lastBranch":12,"lastFunction":13,"lastStatement":49,"seen":{"s:11:14:11:Infinity":0,"b:11:14:11:42:11:42:11:Infinity":0,"s:12:18:12:Infinity":1,"f:18:2:18:14":0,"s:19:4:19:Infinity":2,"s:20:4:20:Infinity":3,"s:21:4:21:Infinity":4,"s:22:4:22:Infinity":5,"s:26:23:31:Infinity":6,"s:33:30:43:Infinity":7,"f:45:9:45:34":1,"s:46:17:46:Infinity":8,"b:47:2:47:Infinity:undefined:undefined:undefined:undefined":1,"s:47:2:47:Infinity":9,"s:47:15:47:Infinity":10,"s:48:2:48:Infinity":11,"f:51:9:51:24":2,"b:52:2:52:Infinity:undefined:undefined:undefined:undefined":2,"s:52:2:52:Infinity":12,"b:52:6:52:16:52:16:52:43":3,"s:52:43:52:Infinity":13,"s:53:20:53:Infinity":14,"s:54:17:54:Infinity":15,"b:54:17:54:37:54:37:54:55:54:55:54:Infinity":4,"s:55:2:55:Infinity":16,"b:55:38:55:47:55:47:55:Infinity":5,"f:58:9:58:29":3,"b:59:2:59:Infinity:undefined:undefined:undefined:undefined":6,"s:59:2:59:Infinity":17,"s:59:30:59:Infinity":18,"s:60:2:60:Infinity":19,"f:63:16:63:34":4,"s:64:2:64:Infinity":20,"f:67:16:67:41":5,"s:68:2:68:Infinity":21,"f:71:15:71:31":6,"s:72:21:72:Infinity":22,"s:73:18:73:Infinity":23,"f:73:18:73:35":7,"s:73:35:73:55":24,"s:74:2:95:Infinity":25,"s:76:4:83:Infinity":26,"s:77:6:77:Infinity":27,"b:77:187:77:194:77:194:77:199":7,"s:79:21:79:Infinity":28,"s:80:19:80:Infinity":29,"b:80:36:80:51:80:51:80:Infinity":8,"b:80:107:80:119:80:119:80:Infinity":9,"b:80:51:80:77:80:77:80:107":10,"s:81:6:81:Infinity":30,"s:82:6:82:Infinity":31,"s:84:17:84:Infinity":32,"s:85:4:85:Infinity":33,"b:86:4:86:Infinity:undefined:undefined:undefined:undefined":11,"s:86:4:86:Infinity":34,"s:86:17:86:92":35,"s:86:92:86:172":36,"s:87:4:92:Infinity":37,"s:88:6:88:Infinity":38,"s:90:6:90:Infinity":39,"s:91:6:91:Infinity":40,"s:94:4:94:Infinity":41,"f:98:9:98:26":8,"s:99:2:99:Infinity":42,"f:102:22:102:35":9,"s:103:17:103:Infinity":43,"s:104:2:104:Infinity":44,"f:104:38:104:55":10,"s:104:65:104:96":45,"f:107:22:107:34":11,"s:108:17:108:Infinity":46,"s:109:2:109:Infinity":47,"f:109:41:109:65":12,"s:109:75:109:113":48},"fnNames":{}}}
,"C:\\Users\\Harsha R Naik\\OneDrive\\Desktop\\cvscode\\CodeCoach-AI\\server\\validation\\schemas.ts": {"path":"C:\\Users\\Harsha R Naik\\OneDrive\\Desktop\\cvscode\\CodeCoach-AI\\server\\validation\\schemas.ts","statementMap":{"0":{"start":{"line":3,"column":30},"end":{"line":3,"column":null}},"1":{"start":{"line":5,"column":33},"end":{"line":10,"column":null}},"2":{"start":{"line":12,"column":36},"end":{"line":16,"column":null}},"3":{"start":{"line":18,"column":32},"end":{"line":22,"column":null}},"4":{"start":{"line":24,"column":34},"end":{"line":27,"column":null}},"5":{"start":{"line":29,"column":41},"end":{"line":34,"column":null}}},"fnMap":{},"branchMap":{},"s":{"0":1,"1":1,"2":1,"3":1,"4":1,"5":1},"f":{},"b":{},"meta":{"lastBranch":0,"lastFunction":0,"lastStatement":6,"seen":{"s:3:30:3:Infinity":0,"s:5:33:10:Infinity":1,"s:12:36:16:Infinity":2,"s:18:32:22:Infinity":3,"s:24:34:27:Infinity":4,"s:29:41:34:Infinity":5},"fnNames":{}}}
,"C:\\Users\\Harsha R Naik\\OneDrive\\Desktop\\cvscode\\CodeCoach-AI\\shared\\evaluator.ts": {"path":"C:\\Users\\Harsha R Naik\\OneDrive\\Desktop\\cvscode\\CodeCoach-AI\\shared\\evaluator.ts","statementMap":{"0":{"start":{"line":8,"column":21},"end":{"line":8,"column":null}},"1":{"start":{"line":9,"column":21},"end":{"line":9,"column":null}},"2":{"start":{"line":10,"column":44},"end":{"line":19,"column":null}},"3":{"start":{"line":20,"column":2},"end":{"line":20,"column":null}},"4":{"start":{"line":20,"column":62},"end":{"line":20,"column":247}}},"fnMap":{"0":{"name":"evaluateChallenge","decl":{"start":{"line":7,"column":16},"end":{"line":7,"column":34}},"loc":{"start":{"line":7,"column":122},"end":{"line":21,"column":null}},"line":7},"1":{"name":"(anonymous_1)","decl":{"start":{"line":20,"column":38},"end":{"line":20,"column":43}},"loc":{"start":{"line":20,"column":62},"end":{"line":20,"column":247}},"line":20}},"branchMap":{"0":{"loc":{"start":{"line":9,"column":21},"end":{"line":9,"column":null}},"type":"cond-expr","locations":[{"start":{"line":9,"column":45},"end":{"line":9,"column":76}},{"start":{"line":9,"column":76},"end":{"line":9,"column":null}}],"line":9},"1":{"loc":{"start":{"line":9,"column":76},"end":{"line":9,"column":null}},"type":"cond-expr","locations":[{"start":{"line":9,"column":98},"end":{"line":9,"column":134}},{"start":{"line":9,"column":134},"end":{"line":9,"column":null}}],"line":9},"2":{"loc":{"start":{"line":9,"column":134},"end":{"line":9,"column":null}},"type":"cond-expr","locations":[{"start":{"line":9,"column":155},"end":{"line":9,"column":185}},{"start":{"line":9,"column":185},"end":{"line":9,"column":null}}],"line":9},"3":{"loc":{"start":{"line":9,"column":185},"end":{"line":9,"column":null}},"type":"cond-expr","locations":[{"start":{"line":9,"column":205},"end":{"line":9,"column":235}},{"start":{"line":9,"column":235},"end":{"line":9,"column":null}}],"line":9},"4":{"loc":{"start":{"line":11,"column":20},"end":{"line":11,"column":64}},"type":"binary-expr","locations":[{"start":{"line":11,"column":20},"end":{"line":11,"column":34}},{"start":{"line":11,"column":34},"end":{"line":11,"column":64}}],"line":11},"5":{"loc":{"start":{"line":12,"column":16},"end":{"line":12,"column":75}},"type":"binary-expr","locations":[{"start":{"line":12,"column":16},"end":{"line":12,"column":47}},{"start":{"line":12,"column":47},"end":{"line":12,"column":75}}],"line":12},"6":{"loc":{"start":{"line":12,"column":75},"end":{"line":12,"column":118}},"type":"binary-expr","locations":[{"start":{"line":12,"column":75},"end":{"line":12,"column":89}},{"start":{"line":12,"column":89},"end":{"line":12,"column":118}}],"line":12},"7":{"loc":{"start":{"line":13,"column":16},"end":{"line":13,"column":118}},"type":"binary-expr","locations":[{"start":{"line":13,"column":16},"end":{"line":13,"column":50}},{"start":{"line":13,"column":50},"end":{"line":13,"column":83}},{"start":{"line":13,"column":83},"end":{"line":13,"column":118}}],"line":13},"8":{"loc":{"start":{"line":13,"column":118},"end":{"line":13,"column":215}},"type":"binary-expr","locations":[{"start":{"line":13,"column":118},"end":{"line":13,"column":148}},{"start":{"line":13,"column":148},"end":{"line":13,"column":179}},{"start":{"line":13,"column":179},"end":{"line":13,"column":215}}],"line":13},"9":{"loc":{"start":{"line":14,"column":17},"end":{"line":14,"column":151}},"type":"binary-expr","locations":[{"start":{"line":14,"column":17},"end":{"line":14,"column":51}},{"start":{"line":14,"column":51},"end":{"line":14,"column":88}},{"start":{"line":14,"column":88},"end":{"line":14,"column":119}},{"start":{"line":14,"column":119},"end":{"line":14,"column":151}}],"line":14},"10":{"loc":{"start":{"line":14,"column":151},"end":{"line":14,"column":278}},"type":"binary-expr","locations":[{"start":{"line":14,"column":151},"end":{"line":14,"column":185}},{"start":{"line":14,"column":185},"end":{"line":14,"column":220}},{"start":{"line":14,"column":220},"end":{"line":14,"column":252}},{"start":{"line":14,"column":252},"end":{"line":14,"column":278}}],"line":14},"11":{"loc":{"start":{"line":15,"column":15},"end":{"line":15,"column":74}},"type":"binary-expr","locations":[{"start":{"line":15,"column":15},"end":{"line":15,"column":43}},{"start":{"line":15,"column":43},"end":{"line":15,"column":74}}],"line":15},"12":{"loc":{"start":{"line":15,"column":74},"end":{"line":15,"column":161}},"type":"binary-expr","locations":[{"start":{"line":15,"column":74},"end":{"line":15,"column":104}},{"start":{"line":15,"column":104},"end":{"line":15,"column":134}},{"start":{"line":15,"column":134},"end":{"line":15,"column":161}}],"line":15},"13":{"loc":{"start":{"line":16,"column":23},"end":{"line":16,"column":125}},"type":"binary-expr","locations":[{"start":{"line":16,"column":23},"end":{"line":16,"column":57}},{"start":{"line":16,"column":57},"end":{"line":16,"column":91}},{"start":{"line":16,"column":91},"end":{"line":16,"column":125}}],"line":16},"14":{"loc":{"start":{"line":16,"column":125},"end":{"line":16,"column":220}},"type":"binary-expr","locations":[{"start":{"line":16,"column":125},"end":{"line":16,"column":157}},{"start":{"line":16,"column":157},"end":{"line":16,"column":190}},{"start":{"line":16,"column":190},"end":{"line":16,"column":220}}],"line":16},"15":{"loc":{"start":{"line":17,"column":16},"end":{"line":17,"column":116}},"type":"binary-expr","locations":[{"start":{"line":17,"column":16},"end":{"line":17,"column":53}},{"start":{"line":17,"column":53},"end":{"line":17,"column":86}},{"start":{"line":17,"column":86},"end":{"line":17,"column":116}}],"line":17},"16":{"loc":{"start":{"line":17,"column":116},"end":{"line":17,"column":206}},"type":"binary-expr","locations":[{"start":{"line":17,"column":116},"end":{"line":17,"column":146}},{"start":{"line":17,"column":146},"end":{"line":17,"column":178}},{"start":{"line":17,"column":178},"end":{"line":17,"column":206}}],"line":17},"17":{"loc":{"start":{"line":18,"column":21},"end":{"line":18,"column":83}},"type":"binary-expr","locations":[{"start":{"line":18,"column":21},"end":{"line":18,"column":53}},{"start":{"line":18,"column":53},"end":{"line":18,"column":83}}],"line":18},"18":{"loc":{"start":{"line":18,"column":83},"end":{"line":18,"column":176}},"type":"binary-expr","locations":[{"start":{"line":18,"column":83},"end":{"line":18,"column":115}},{"start":{"line":18,"column":115},"end":{"line":18,"column":150}},{"start":{"line":18,"column":150},"end":{"line":18,"column":176}}],"line":18},"19":{"loc":{"start":{"line":20,"column":10},"end":{"line":20,"column":36}},"type":"binary-expr","locations":[{"start":{"line":20,"column":10},"end":{"line":20,"column":34}},{"start":{"line":20,"column":34},"end":{"line":20,"column":36}}],"line":20},"20":{"loc":{"start":{"line":20,"column":110},"end":{"line":20,"column":171}},"type":"cond-expr","locations":[{"start":{"line":20,"column":139},"end":{"line":20,"column":150}},{"start":{"line":20,"column":150},"end":{"line":20,"column":171}}],"line":20},"21":{"loc":{"start":{"line":20,"column":181},"end":{"line":20,"column":245}},"type":"cond-expr","locations":[{"start":{"line":20,"column":190},"end":{"line":20,"column":220}},{"start":{"line":20,"column":220},"end":{"line":20,"column":245}}],"line":20}},"s":{"0":1,"1":1,"2":1,"3":1,"4":1},"f":{"0":1,"1":1},"b":{"0":[0,1],"1":[0,1],"2":[0,1],"3":[0,1],"4":[1,1],"5":[1,0],"6":[1,0],"7":[1,0,0],"8":[1,1,1],"9":[1,0,0,0],"10":[1,1,1,1],"11":[1,0],"12":[1,0,0],"13":[1,0,0],"14":[1,1,1],"15":[1,0,0],"16":[1,1,1],"17":[1,1],"18":[1,1,1],"19":[1,0],"20":[0,1],"21":[1,0]},"meta":{"lastBranch":22,"lastFunction":2,"lastStatement":5,"seen":{"f:7:16:7:34":0,"s:8:21:8:Infinity":0,"s:9:21:9:Infinity":1,"b:9:45:9:76:9:76:9:Infinity":0,"b:9:98:9:134:9:134:9:Infinity":1,"b:9:155:9:185:9:185:9:Infinity":2,"b:9:205:9:235:9:235:9:Infinity":3,"s:10:44:19:Infinity":2,"b:11:20:11:34:11:34:11:64":4,"b:12:16:12:47:12:47:12:75":5,"b:12:75:12:89:12:89:12:118":6,"b:13:16:13:50:13:50:13:83:13:83:13:118":7,"b:13:118:13:148:13:148:13:179:13:179:13:215":8,"b:14:17:14:51:14:51:14:88:14:88:14:119:14:119:14:151":9,"b:14:151:14:185:14:185:14:220:14:220:14:252:14:252:14:278":10,"b:15:15:15:43:15:43:15:74":11,"b:15:74:15:104:15:104:15:134:15:134:15:161":12,"b:16:23:16:57:16:57:16:91:16:91:16:125":13,"b:16:125:16:157:16:157:16:190:16:190:16:220":14,"b:17:16:17:53:17:53:17:86:17:86:17:116":15,"b:17:116:17:146:17:146:17:178:17:178:17:206":16,"b:18:21:18:53:18:53:18:83":17,"b:18:83:18:115:18:115:18:150:18:150:18:176":18,"s:20:2:20:Infinity":3,"b:20:10:20:34:20:34:20:36":19,"f:20:38:20:43":1,"s:20:62:20:247":4,"b:20:139:20:150:20:150:20:171":20,"b:20:190:20:220:20:220:20:245":21},"fnNames":{}}}
}
